Drill report for obsonet_1.kicad_pcb
Created on 11/15/2022 2:41:20 PM

Copper Layer Stackup:
    =============================================================
    L1 :  Top                       front
    L2 :  Bottom                    back


Drill file 'obsonet_1-PTH.drl' contains
    plated through holes:
    =============================================================
    T1  0.400mm  0.0157"  (55 holes)
    T2  0.700mm  0.0276"  (12 holes)
    T3  0.800mm  0.0315"  (16 holes)
    T4  0.900mm  0.0354"  (22 holes)
    T5  1.500mm  0.0591"  (20 holes)

    Total plated holes count 125


Drill file 'obsonet_1-NPTH.drl' contains
    unplated through holes:
    =============================================================
    T1  2.100mm  0.0827"  (2 holes)
    T2  3.300mm  0.1299"  (2 holes)

    Total unplated holes count 4
